# JRE version: OpenJDK Runtime Environment Temurin-16.0.2+7 (16.0.2+7) (build 16.0.2+7)
# Java VM: OpenJDK 64-Bit Server VM Temurin-16.0.2+7 (16.0.2+7, mixed mode, sharing, tiered, compressed oops, compressed class ptrs, g1 gc, windows-amd64)
GC Precious Log:
 CPUs: 8 total, 8 available
 Memory: 6074M
 Large Page Support: Disabled
 NUMA Support: Disabled
 Compressed Oops: Enabled (32-bit)
 Heap Region Size: 1M
 Heap Min Capacity: 8M
 Heap Initial Capacity: 96M
 Heap Max Capacity: 1520M
 Pre-touch: Disabled
 Parallel Workers: 8
 Concurrent Workers: 2
 Concurrent Refinement Workers: 8
 Periodic GC: Disabled
Heap:
 garbage-first heap   total 156672K, used 97672K [0x00000000a1000000, 0x0000000100000000)
  region size 1024K, 27 young (27648K), 6 survivors (6144K)
 Metaspace       used 39276K, committed 40192K, reserved 1089536K
  class space    used 4918K, committed 5312K, reserved 1048576K
GC Heap History (20 events):
Event: 14.723 GC heap before
{Heap before GC invocations=16 (full 0):
 garbage-first heap   total 156672K, used 130421K [0x00000000a1000000, 0x0000000100000000)
  region size 1024K, 74 young (75776K), 2 survivors (2048K)
 Metaspace       used 26883K, committed 27712K, reserved 1081344K
  class space    used 3165K, committed 3584K, reserved 1048576K
}
Event: 14.728 GC heap after
{Heap after GC invocations=17 (full 0):
 garbage-first heap   total 156672K, used 57337K [0x00000000a1000000, 0x0000000100000000)
  region size 1024K, 3 young (3072K), 3 survivors (3072K)
 Metaspace       used 26883K, committed 27712K, reserved 1081344K
  class space    used 3165K, committed 3584K, reserved 1048576K
}
Event: 15.430 GC heap before
{Heap before GC invocations=17 (full 0):
 garbage-first heap   total 156672K, used 136185K [0x00000000a1000000, 0x0000000100000000)
  region size 1024K, 75 young (76800K), 3 survivors (3072K)
 Metaspace       used 26885K, committed 27712K, reserved 1081344K
  class space    used 3165K, committed 3584K, reserved 1048576K
}
Event: 15.435 GC heap after
{Heap after GC invocations=18 (full 0):
 garbage-first heap   total 156672K, used 57748K [0x00000000a1000000, 0x0000000100000000)
  region size 1024K, 3 young (3072K), 3 survivors (3072K)
 Metaspace       used 26885K, committed 27712K, reserved 1081344K
  class space    used 3165K, committed 3584K, reserved 1048576K
}
Event: 15.905 GC heap before
{Heap before GC invocations=18 (full 0):
 garbage-first heap   total 156672K, used 131476K [0x00000000a1000000, 0x0000000100000000)
  region size 1024K, 76 young (77824K), 3 survivors (3072K)
 Metaspace       used 26911K, committed 27776K, reserved 1081344K
  class space    used 3167K, committed 3584K, reserved 1048576K
}
Event: 15.911 GC heap after
{Heap after GC invocations=19 (full 0):
 garbage-first heap   total 156672K, used 58449K [0x00000000a1000000, 0x0000000100000000)
  region size 1024K, 4 young (4096K), 4 survivors (4096K)
 Metaspace       used 26911K, committed 27776K, reserved 1081344K
  class space    used 3167K, committed 3584K, reserved 1048576K
}
Event: 16.614 GC heap before
{Heap before GC invocations=19 (full 0):
 garbage-first heap   total 156672K, used 133201K [0x00000000a1000000, 0x0000000100000000)
  region size 1024K, 77 young (78848K), 4 survivors (4096K)
 Metaspace       used 27478K, committed 28288K, reserved 1081344K
  class space    used 3241K, committed 3584K, reserved 1048576K
}
Event: 16.622 GC heap after
{Heap after GC invocations=20 (full 0):
 garbage-first heap   total 156672K, used 59631K [0x00000000a1000000, 0x0000000100000000)
  region size 1024K, 5 young (5120K), 5 survivors (5120K)
 Metaspace       used 27478K, committed 28288K, reserved 1081344K
  class space    used 3241K, committed 3584K, reserved 1048576K
}
Event: 17.341 GC heap before
{Heap before GC invocations=20 (full 0):
 garbage-first heap   total 156672K, used 132335K [0x00000000a1000000, 0x0000000100000000)
  region size 1024K, 77 young (78848K), 5 survivors (5120K)
 Metaspace       used 27676K, committed 28544K, reserved 1081344K
  class space    used 3268K, committed 3648K, reserved 1048576K
}
Event: 17.351 GC heap after
{Heap after GC invocations=21 (full 0):
 garbage-first heap   total 156672K, used 60365K [0x00000000a1000000, 0x0000000100000000)
  region size 1024K, 6 young (6144K), 6 survivors (6144K)
 Metaspace       used 27676K, committed 28544K, reserved 1081344K
  class space    used 3268K, committed 3648K, reserved 1048576K
}
Event: 17.812 GC heap before
{Heap before GC invocations=21 (full 0):
 garbage-first heap   total 156672K, used 133069K [0x00000000a1000000, 0x0000000100000000)
  region size 1024K, 77 young (78848K), 6 survivors (6144K)
 Metaspace       used 28842K, committed 29632K, reserved 1081344K
  class space    used 3421K, committed 3776K, reserved 1048576K
}
Event: 17.824 GC heap after
{Heap after GC invocations=22 (full 0):
 garbage-first heap   total 156672K, used 61952K [0x00000000a1000000, 0x0000000100000000)
  region size 1024K, 6 young (6144K), 6 survivors (6144K)
 Metaspace       used 28842K, committed 29632K, reserved 1081344K
  class space    used 3421K, committed 3776K, reserved 1048576K
}
Event: 18.789 GC heap before
{Heap before GC invocations=22 (full 0):
 garbage-first heap   total 156672K, used 144896K [0x00000000a1000000, 0x0000000100000000)
  region size 1024K, 76 young (77824K), 6 survivors (6144K)
 Metaspace       used 31394K, committed 32320K, reserved 1081344K
  class space    used 3651K, committed 4096K, reserved 1048576K
}
Event: 18.797 GC heap after
{Heap after GC invocations=23 (full 0):
 garbage-first heap   total 156672K, used 73836K [0x00000000a1000000, 0x0000000100000000)
  region size 1024K, 6 young (6144K), 6 survivors (6144K)
 Metaspace       used 31394K, committed 32320K, reserved 1081344K
  class space    used 3651K, committed 4096K, reserved 1048576K
}
Event: 21.253 GC heap before
{Heap before GC invocations=23 (full 0):
 garbage-first heap   total 156672K, used 133228K [0x00000000a1000000, 0x0000000100000000)
  region size 1024K, 64 young (65536K), 6 survivors (6144K)
 Metaspace       used 34291K, committed 35264K, reserved 1081344K
  class space    used 4045K, committed 4480K, reserved 1048576K
}
Event: 21.262 GC heap after
{Heap after GC invocations=24 (full 0):
 garbage-first heap   total 156672K, used 75223K [0x00000000a1000000, 0x0000000100000000)
  region size 1024K, 5 young (5120K), 5 survivors (5120K)
 Metaspace       used 34291K, committed 35264K, reserved 1081344K
  class space    used 4045K, committed 4480K, reserved 1048576K
}
Event: 21.435 GC heap before
{Heap before GC invocations=24 (full 0):
 garbage-first heap   total 156672K, used 86487K [0x00000000a1000000, 0x0000000100000000)
  region size 1024K, 17 young (17408K), 5 survivors (5120K)
 Metaspace       used 34960K, committed 35840K, reserved 1081344K
  class space    used 4151K, committed 4544K, reserved 1048576K
}
Event: 21.441 GC heap after
{Heap after GC invocations=25 (full 0):
 garbage-first heap   total 156672K, used 75848K [0x00000000a1000000, 0x0000000100000000)
  region size 1024K, 4 young (4096K), 4 survivors (4096K)
 Metaspace       used 34960K, committed 35840K, reserved 1081344K
  class space    used 4151K, committed 4544K, reserved 1048576K
}
Event: 22.386 GC heap before
{Heap before GC invocations=26 (full 0):
 garbage-first heap   total 156672K, used 135240K [0x00000000a1000000, 0x0000000100000000)
  region size 1024K, 62 young (63488K), 4 survivors (4096K)
 Metaspace       used 38967K, committed 39872K, reserved 1089536K
  class space    used 4885K, committed 5312K, reserved 1048576K
}
Event: 22.396 GC heap after
{Heap after GC invocations=27 (full 0):
 garbage-first heap   total 156672K, used 77192K [0x00000000a1000000, 0x0000000100000000)
  region size 1024K, 6 young (6144K), 6 survivors (6144K)
 Metaspace       used 38967K, committed 39872K, reserved 1089536K
  class space    used 4885K, committed 5312K, reserved 1048576K
}

